#-----------------------------------------------------------
# Vivado v2018.3 (64-bit)
# SW Build 2405991 on Thu Dec  6 23:38:27 MST 2018
# IP Build 2404404 on Fri Dec  7 01:43:56 MST 2018
# Start of session at: Wed Nov 24 13:44:03 2021
# Process ID: 14072
# Current directory: H:/Random_Number_esc
# Command line: vivado.exe -gui_launcher_event rodinguilauncherevent13892 H:\Random_Number_esc\Random_Number_esc.xpr
# Log file: H:/Random_Number_esc/vivado.log
# Journal file: H:/Random_Number_esc\vivado.jou
#-----------------------------------------------------------
start_gui
open_project H:/Random_Number_esc/Random_Number_esc.xpr
Scanning sources...
Finished scanning sources
WARNING: [filemgmt 56-3] Board Part Repository Path: Could not find the directory 'H:/../Documents/GitHub/vivado-boards'.
INFO: [IP_Flow 19-234] Refreshing IP repositories
INFO: [IP_Flow 19-1704] No user IP repositories specified
INFO: [IP_Flow 19-2313] Loaded Vivado IP repository 'C:/Xilinx/Vivado/2018.3/data/ip'.
open_project: Time (s): cpu = 00:00:11 ; elapsed = 00:00:06 . Memory (MB): peak = 801.914 ; gain = 195.504
update_compile_order -fileset sources_1
open_run synth_1 -name synth_1
Design is defaulting to impl run constrset: constrs_1
Design is defaulting to synth run part: xc7a35ticsg324-1L
INFO: [Project 1-479] Netlist was created with Vivado 2018.3
INFO: [Device 21-403] Loading part xc7a35ticsg324-1L
INFO: [Project 1-570] Preparing netlist for logic optimization
Parsing XDC File [H:/Random_Number_esc/Random_Number_esc.srcs/constrs_1/imports/Desktop/Arty_Master.xdc]
Finished Parsing XDC File [H:/Random_Number_esc/Random_Number_esc.srcs/constrs_1/imports/Desktop/Arty_Master.xdc]
Parsing XDC File [H:/Random_Number_esc/Random_Number_esc.srcs/constrs_1/new/Top_2.xdc]
Finished Parsing XDC File [H:/Random_Number_esc/Random_Number_esc.srcs/constrs_1/new/Top_2.xdc]
INFO: [Opt 31-138] Pushed 0 inverter(s) to 0 load pin(s).
Netlist sorting complete. Time (s): cpu = 00:00:00 ; elapsed = 00:00:00 . Memory (MB): peak = 1047.660 ; gain = 0.000
INFO: [Project 1-111] Unisim Transformation Summary:
No Unisim elements were transformed.

open_run: Time (s): cpu = 00:00:15 ; elapsed = 00:00:07 . Memory (MB): peak = 1253.742 ; gain = 445.277
